# JRE version: Java(TM) SE Runtime Environment (8.0_181-b13) (build 1.8.0_181-b13)
# Java VM: Java HotSpot(TM) 64-Bit Server VM (25.181-b13 mixed mode linux-amd64 compressed oops)
Heap:
 PSYoungGen      total 126976K, used 44657K [0x0000000715580000, 0x000000071d800000, 0x00000007c0000000)
  eden space 120320K, 37% used [0x0000000715580000,0x000000071811c680,0x000000071cb00000)
  from space 6656K, 0% used [0x000000071cb00000,0x000000071cb00000,0x000000071d180000)
  to   space 6656K, 0% used [0x000000071d180000,0x000000071d180000,0x000000071d800000)
 ParOldGen       total 4227072K, used 19822K [0x00000005c0000000, 0x00000006c2000000, 0x0000000715580000)
  object space 4227072K, 0% used [0x00000005c0000000,0x00000005c135b8d8,0x00000006c2000000)
 Metaspace       used 2593K, capacity 4568K, committed 4864K, reserved 1056768K
  class space    used 280K, capacity 392K, committed 512K, reserved 1048576K
GC Heap History (10 events):
Event: 78,225 GC heap before
{Heap before GC invocations=41 (full 20):
 PSYoungGen      total 126976K, used 1953K [0x0000000715580000, 0x000000071d800000, 0x00000007c0000000)
  eden space 120320K, 0% used [0x0000000715580000,0x0000000715580000,0x000000071cb00000)
  from space 6656K, 29% used [0x000000071cb00000,0x000000071cce8490,0x000000071d180000)
  to   space 6656K, 0% used [0x000000071d180000,0x000000071d180000,0x000000071d800000)
 ParOldGen       total 4227072K, used 693K [0x00000005c0000000, 0x00000006c2000000, 0x0000000715580000)
  object space 4227072K, 0% used [0x00000005c0000000,0x00000005c00ad528,0x00000006c2000000)
 Metaspace       used 2584K, capacity 4568K, committed 4864K, reserved 1056768K
  class space    used 279K, capacity 392K, committed 512K, reserved 1048576K
Event: 78,231 GC heap after
Heap after GC invocations=41 (full 20):
 PSYoungGen      total 126976K, used 0K [0x0000000715580000, 0x000000071d800000, 0x00000007c0000000)
  eden space 120320K, 0% used [0x0000000715580000,0x0000000715580000,0x000000071cb00000)
  from space 6656K, 0% used [0x000000071cb00000,0x000000071cb00000,0x000000071d180000)
  to   space 6656K, 0% used [0x000000071d180000,0x000000071d180000,0x000000071d800000)
 ParOldGen       total 4227072K, used 2255K [0x00000005c0000000, 0x00000006c2000000, 0x0000000715580000)
  object space 4227072K, 0% used [0x00000005c0000000,0x00000005c0233f28,0x00000006c2000000)
 Metaspace       used 2584K, capacity 4568K, committed 4864K, reserved 1056768K
  class space    used 279K, capacity 392K, committed 512K, reserved 1048576K
}
Event: 367,045 GC heap before
{Heap before GC invocations=42 (full 20):
 PSYoungGen      total 126976K, used 4688K [0x0000000715580000, 0x000000071d800000, 0x00000007c0000000)
  eden space 120320K, 3% used [0x0000000715580000,0x0000000715a14160,0x000000071cb00000)
  from space 6656K, 0% used [0x000000071cb00000,0x000000071cb00000,0x000000071d180000)
  to   space 6656K, 0% used [0x000000071d180000,0x000000071d180000,0x000000071d800000)
 ParOldGen       total 4227072K, used 2255K [0x00000005c0000000, 0x00000006c2000000, 0x0000000715580000)
  object space 4227072K, 0% used [0x00000005c0000000,0x00000005c0233f28,0x00000006c2000000)
 Metaspace       used 2584K, capacity 4568K, committed 4864K, reserved 1056768K
  class space    used 279K, capacity 392K, committed 512K, reserved 1048576K
Event: 367,047 GC heap after
Heap after GC invocations=42 (full 20):
 PSYoungGen      total 126976K, used 3906K [0x0000000715580000, 0x000000071d800000, 0x00000007c0000000)
  eden space 120320K, 0% used [0x0000000715580000,0x0000000715580000,0x000000071cb00000)
  from space 6656K, 58% used [0x000000071d180000,0x000000071d550910,0x000000071d800000)
  to   space 6656K, 0% used [0x000000071cb00000,0x000000071cb00000,0x000000071d180000)
 ParOldGen       total 4227072K, used 2255K [0x00000005c0000000, 0x00000006c2000000, 0x0000000715580000)
  object space 4227072K, 0% used [0x00000005c0000000,0x00000005c0233f28,0x00000006c2000000)
 Metaspace       used 2584K, capacity 4568K, committed 4864K, reserved 1056768K
  class space    used 279K, capacity 392K, committed 512K, reserved 1048576K
}
Event: 367,047 GC heap before
{Heap before GC invocations=43 (full 21):
 PSYoungGen      total 126976K, used 3906K [0x0000000715580000, 0x000000071d800000, 0x00000007c0000000)
  eden space 120320K, 0% used [0x0000000715580000,0x0000000715580000,0x000000071cb00000)
  from space 6656K, 58% used [0x000000071d180000,0x000000071d550910,0x000000071d800000)
  to   space 6656K, 0% used [0x000000071cb00000,0x000000071cb00000,0x000000071d180000)
 ParOldGen       total 4227072K, used 2255K [0x00000005c0000000, 0x00000006c2000000, 0x0000000715580000)
  object space 4227072K, 0% used [0x00000005c0000000,0x00000005c0233f28,0x00000006c2000000)
 Metaspace       used 2584K, capacity 4568K, committed 4864K, reserved 1056768K
  class space    used 279K, capacity 392K, committed 512K, reserved 1048576K
Event: 367,054 GC heap after
Heap after GC invocations=43 (full 21):
 PSYoungGen      total 126976K, used 0K [0x0000000715580000, 0x000000071d800000, 0x00000007c0000000)
  eden space 120320K, 0% used [0x0000000715580000,0x0000000715580000,0x000000071cb00000)
  from space 6656K, 0% used [0x000000071d180000,0x000000071d180000,0x000000071d800000)
  to   space 6656K, 0% used [0x000000071cb00000,0x000000071cb00000,0x000000071d180000)
 ParOldGen       total 4227072K, used 4208K [0x00000005c0000000, 0x00000006c2000000, 0x0000000715580000)
  object space 4227072K, 0% used [0x00000005c0000000,0x00000005c041c3a8,0x00000006c2000000)
 Metaspace       used 2584K, capacity 4568K, committed 4864K, reserved 1056768K
  class space    used 279K, capacity 392K, committed 512K, reserved 1048576K
}
Event: 10778,301 GC heap before
{Heap before GC invocations=44 (full 21):
 PSYoungGen      total 126976K, used 20313K [0x0000000715580000, 0x000000071d800000, 0x00000007c0000000)
  eden space 120320K, 16% used [0x0000000715580000,0x0000000716956560,0x000000071cb00000)
  from space 6656K, 0% used [0x000000071d180000,0x000000071d180000,0x000000071d800000)
  to   space 6656K, 0% used [0x000000071cb00000,0x000000071cb00000,0x000000071d180000)
 ParOldGen       total 4227072K, used 4208K [0x00000005c0000000, 0x00000006c2000000, 0x0000000715580000)
  object space 4227072K, 0% used [0x00000005c0000000,0x00000005c041c3a8,0x00000006c2000000)
 Metaspace       used 2584K, capacity 4568K, committed 4864K, reserved 1056768K
  class space    used 279K, capacity 392K, committed 512K, reserved 1048576K
Event: 10778,306 GC heap after
Heap after GC invocations=44 (full 21):
 PSYoungGen      total 126976K, used 0K [0x0000000715580000, 0x000000071d800000, 0x00000007c0000000)
  eden space 120320K, 0% used [0x0000000715580000,0x0000000715580000,0x000000071cb00000)
  from space 6656K, 0% used [0x000000071cb00000,0x000000071cb00000,0x000000071d180000)
  to   space 6656K, 0% used [0x000000071d180000,0x000000071d180000,0x000000071d800000)
 ParOldGen       total 4227072K, used 23740K [0x00000005c0000000, 0x00000006c2000000, 0x0000000715580000)
  object space 4227072K, 0% used [0x00000005c0000000,0x00000005c172f0b8,0x00000006c2000000)
 Metaspace       used 2584K, capacity 4568K, committed 4864K, reserved 1056768K
  class space    used 279K, capacity 392K, committed 512K, reserved 1048576K
}
Event: 10778,306 GC heap before
{Heap before GC invocations=45 (full 22):
 PSYoungGen      total 126976K, used 0K [0x0000000715580000, 0x000000071d800000, 0x00000007c0000000)
  eden space 120320K, 0% used [0x0000000715580000,0x0000000715580000,0x000000071cb00000)
  from space 6656K, 0% used [0x000000071cb00000,0x000000071cb00000,0x000000071d180000)
  to   space 6656K, 0% used [0x000000071d180000,0x000000071d180000,0x000000071d800000)
 ParOldGen       total 4227072K, used 23740K [0x00000005c0000000, 0x00000006c2000000, 0x0000000715580000)
  object space 4227072K, 0% used [0x00000005c0000000,0x00000005c172f0b8,0x00000006c2000000)
 Metaspace       used 2584K, capacity 4568K, committed 4864K, reserved 1056768K
  class space    used 279K, capacity 392K, committed 512K, reserved 1048576K
Event: 10778,317 GC heap after
Heap after GC invocations=45 (full 22):
 PSYoungGen      total 126976K, used 0K [0x0000000715580000, 0x000000071d800000, 0x00000007c0000000)
  eden space 120320K, 0% used [0x0000000715580000,0x0000000715580000,0x000000071cb00000)
  from space 6656K, 0% used [0x000000071cb00000,0x000000071cb00000,0x000000071d180000)
  to   space 6656K, 0% used [0x000000071d180000,0x000000071d180000,0x000000071d800000)
 ParOldGen       total 4227072K, used 19822K [0x00000005c0000000, 0x00000006c2000000, 0x0000000715580000)
  object space 4227072K, 0% used [0x00000005c0000000,0x00000005c135b8d8,0x00000006c2000000)
 Metaspace       used 2584K, capacity 4568K, committed 4864K, reserved 1056768K
  class space    used 279K, capacity 392K, committed 512K, reserved 1048576K
}

