# JRE version: Java(TM) SE Runtime Environment (8.0_181-b13) (build 1.8.0_181-b13)
# Java VM: Java HotSpot(TM) 64-Bit Server VM (25.181-b13 mixed mode linux-amd64 compressed oops)
Heap:
 PSYoungGen      total 166400K, used 140113K [0x0000000715580000, 0x000000071fe80000, 0x00000007c0000000)
  eden space 159744K, 87% used [0x0000000715580000,0x000000071de4c690,0x000000071f180000)
  from space 6656K, 0% used [0x000000071f800000,0x000000071f808000,0x000000071fe80000)
  to   space 6656K, 0% used [0x000000071f180000,0x000000071f180000,0x000000071f800000)
 ParOldGen       total 106496K, used 23831K [0x00000005c0000000, 0x00000005c6800000, 0x0000000715580000)
  object space 106496K, 22% used [0x00000005c0000000,0x00000005c1745d50,0x00000005c6800000)
 Metaspace       used 2927K, capacity 4568K, committed 4864K, reserved 1056768K
  class space    used 317K, capacity 392K, committed 512K, reserved 1048576K
GC Heap History (10 events):
Event: 70,425 GC heap before
{Heap before GC invocations=13 (full 6):
 PSYoungGen      total 46592K, used 39936K [0x0000000715580000, 0x0000000718980000, 0x00000007c0000000)
  eden space 39936K, 100% used [0x0000000715580000,0x0000000717c80000,0x0000000717c80000)
  from space 6656K, 0% used [0x0000000718300000,0x0000000718300000,0x0000000718980000)
  to   space 6656K, 0% used [0x0000000717c80000,0x0000000717c80000,0x0000000718300000)
 ParOldGen       total 106496K, used 2344K [0x00000005c0000000, 0x00000005c6800000, 0x0000000715580000)
  object space 106496K, 2% used [0x00000005c0000000,0x00000005c024a3c0,0x00000005c6800000)
 Metaspace       used 2919K, capacity 4568K, committed 4864K, reserved 1056768K
  class space    used 315K, capacity 392K, committed 512K, reserved 1048576K
Event: 70,431 GC heap after
Heap after GC invocations=13 (full 6):
 PSYoungGen      total 46592K, used 3938K [0x0000000715580000, 0x000000071b080000, 0x00000007c0000000)
  eden space 39936K, 0% used [0x0000000715580000,0x0000000715580000,0x0000000717c80000)
  from space 6656K, 59% used [0x0000000717c80000,0x0000000718058910,0x0000000718300000)
  to   space 6656K, 0% used [0x000000071aa00000,0x000000071aa00000,0x000000071b080000)
 ParOldGen       total 106496K, used 2344K [0x00000005c0000000, 0x00000005c6800000, 0x0000000715580000)
  object space 106496K, 2% used [0x00000005c0000000,0x00000005c024a3c0,0x00000005c6800000)
 Metaspace       used 2919K, capacity 4568K, committed 4864K, reserved 1056768K
  class space    used 315K, capacity 392K, committed 512K, reserved 1048576K
}
Event: 346,725 GC heap before
{Heap before GC invocations=14 (full 6):
 PSYoungGen      total 46592K, used 22941K [0x0000000715580000, 0x000000071b080000, 0x00000007c0000000)
  eden space 39936K, 47% used [0x0000000715580000,0x000000071680ec28,0x0000000717c80000)
  from space 6656K, 59% used [0x0000000717c80000,0x0000000718058910,0x0000000718300000)
  to   space 6656K, 0% used [0x000000071aa00000,0x000000071aa00000,0x000000071b080000)
 ParOldGen       total 106496K, used 2344K [0x00000005c0000000, 0x00000005c6800000, 0x0000000715580000)
  object space 106496K, 2% used [0x00000005c0000000,0x00000005c024a3c0,0x00000005c6800000)
 Metaspace       used 2919K, capacity 4568K, committed 4864K, reserved 1056768K
  class space    used 315K, capacity 392K, committed 512K, reserved 1048576K
Event: 346,731 GC heap after
Heap after GC invocations=14 (full 6):
 PSYoungGen      total 86528K, used 3938K [0x0000000715580000, 0x000000071b080000, 0x00000007c0000000)
  eden space 79872K, 0% used [0x0000000715580000,0x0000000715580000,0x000000071a380000)
  from space 6656K, 59% used [0x000000071aa00000,0x000000071add8910,0x000000071b080000)
  to   space 6656K, 0% used [0x000000071a380000,0x000000071a380000,0x000000071aa00000)
 ParOldGen       total 106496K, used 2344K [0x00000005c0000000, 0x00000005c6800000, 0x0000000715580000)
  object space 106496K, 2% used [0x00000005c0000000,0x00000005c024a3c0,0x00000005c6800000)
 Metaspace       used 2919K, capacity 4568K, committed 4864K, reserved 1056768K
  class space    used 315K, capacity 392K, committed 512K, reserved 1048576K
}
Event: 346,731 GC heap before
{Heap before GC invocations=15 (full 7):
 PSYoungGen      total 86528K, used 3938K [0x0000000715580000, 0x000000071b080000, 0x00000007c0000000)
  eden space 79872K, 0% used [0x0000000715580000,0x0000000715580000,0x000000071a380000)
  from space 6656K, 59% used [0x000000071aa00000,0x000000071add8910,0x000000071b080000)
  to   space 6656K, 0% used [0x000000071a380000,0x000000071a380000,0x000000071aa00000)
 ParOldGen       total 106496K, used 2344K [0x00000005c0000000, 0x00000005c6800000, 0x0000000715580000)
  object space 106496K, 2% used [0x00000005c0000000,0x00000005c024a3c0,0x00000005c6800000)
 Metaspace       used 2919K, capacity 4568K, committed 4864K, reserved 1056768K
  class space    used 315K, capacity 392K, committed 512K, reserved 1048576K
Event: 346,744 GC heap after
Heap after GC invocations=15 (full 7):
 PSYoungGen      total 86528K, used 0K [0x0000000715580000, 0x000000071b080000, 0x00000007c0000000)
  eden space 79872K, 0% used [0x0000000715580000,0x0000000715580000,0x000000071a380000)
  from space 6656K, 0% used [0x000000071aa00000,0x000000071aa00000,0x000000071b080000)
  to   space 6656K, 0% used [0x000000071a380000,0x000000071a380000,0x000000071aa00000)
 ParOldGen       total 106496K, used 4300K [0x00000005c0000000, 0x00000005c6800000, 0x0000000715580000)
  object space 106496K, 4% used [0x00000005c0000000,0x00000005c0433040,0x00000005c6800000)
 Metaspace       used 2919K, capacity 4568K, committed 4864K, reserved 1056768K
  class space    used 315K, capacity 392K, committed 512K, reserved 1048576K
}
Event: 347,078 GC heap before
{Heap before GC invocations=16 (full 7):
 PSYoungGen      total 86528K, used 79872K [0x0000000715580000, 0x000000071b080000, 0x00000007c0000000)
  eden space 79872K, 100% used [0x0000000715580000,0x000000071a380000,0x000000071a380000)
  from space 6656K, 0% used [0x000000071aa00000,0x000000071aa00000,0x000000071b080000)
  to   space 6656K, 0% used [0x000000071a380000,0x000000071a380000,0x000000071aa00000)
 ParOldGen       total 106496K, used 4300K [0x00000005c0000000, 0x00000005c6800000, 0x0000000715580000)
  object space 106496K, 4% used [0x00000005c0000000,0x00000005c0433040,0x00000005c6800000)
 Metaspace       used 2919K, capacity 4568K, committed 4864K, reserved 1056768K
  class space    used 315K, capacity 392K, committed 512K, reserved 1048576K
Event: 347,098 GC heap after
Heap after GC invocations=16 (full 7):
 PSYoungGen      total 86528K, used 64K [0x0000000715580000, 0x000000071fe80000, 0x00000007c0000000)
  eden space 79872K, 0% used [0x0000000715580000,0x0000000715580000,0x000000071a380000)
  from space 6656K, 0% used [0x000000071a380000,0x000000071a390000,0x000000071aa00000)
  to   space 6656K, 0% used [0x000000071f800000,0x000000071f800000,0x000000071fe80000)
 ParOldGen       total 106496K, used 23831K [0x00000005c0000000, 0x00000005c6800000, 0x0000000715580000)
  object space 106496K, 22% used [0x00000005c0000000,0x00000005c1745d50,0x00000005c6800000)
 Metaspace       used 2919K, capacity 4568K, committed 4864K, reserved 1056768K
  class space    used 315K, capacity 392K, committed 512K, reserved 1048576K
}
Event: 347,480 GC heap before
{Heap before GC invocations=17 (full 7):
 PSYoungGen      total 86528K, used 79936K [0x0000000715580000, 0x000000071fe80000, 0x00000007c0000000)
  eden space 79872K, 100% used [0x0000000715580000,0x000000071a380000,0x000000071a380000)
  from space 6656K, 0% used [0x000000071a380000,0x000000071a390000,0x000000071aa00000)
  to   space 6656K, 0% used [0x000000071f800000,0x000000071f800000,0x000000071fe80000)
 ParOldGen       total 106496K, used 23831K [0x00000005c0000000, 0x00000005c6800000, 0x0000000715580000)
  object space 106496K, 22% used [0x00000005c0000000,0x00000005c1745d50,0x00000005c6800000)
 Metaspace       used 2919K, capacity 4568K, committed 4864K, reserved 1056768K
  class space    used 315K, capacity 392K, committed 512K, reserved 1048576K
Event: 347,481 GC heap after
Heap after GC invocations=17 (full 7):
 PSYoungGen      total 166400K, used 32K [0x0000000715580000, 0x000000071fe80000, 0x00000007c0000000)
  eden space 159744K, 0% used [0x0000000715580000,0x0000000715580000,0x000000071f180000)
  from space 6656K, 0% used [0x000000071f800000,0x000000071f808000,0x000000071fe80000)
  to   space 6656K, 0% used [0x000000071f180000,0x000000071f180000,0x000000071f800000)
 ParOldGen       total 106496K, used 23831K [0x00000005c0000000, 0x00000005c6800000, 0x0000000715580000)
  object space 106496K, 22% used [0x00000005c0000000,0x00000005c1745d50,0x00000005c6800000)
 Metaspace       used 2919K, capacity 4568K, committed 4864K, reserved 1056768K
  class space    used 315K, capacity 392K, committed 512K, reserved 1048576K
}

