# JRE version: Java(TM) SE Runtime Environment (8.0_181-b13) (build 1.8.0_181-b13)
# Java VM: Java HotSpot(TM) 64-Bit Server VM (25.181-b13 mixed mode linux-amd64 compressed oops)
Heap:
 PSYoungGen      total 2233344K, used 329282K [0x0000000715580000, 0x000000079db00000, 0x00000007c0000000)
  eden space 2232832K, 14% used [0x0000000715580000,0x0000000729710a40,0x000000079da00000)
  from space 512K, 0% used [0x000000079da80000,0x000000079da80000,0x000000079db00000)
  to   space 512K, 0% used [0x000000079da00000,0x000000079da00000,0x000000079da80000)
 ParOldGen       total 5031936K, used 39508K [0x00000005c0000000, 0x00000006f3200000, 0x0000000715580000)
  object space 5031936K, 0% used [0x00000005c0000000,0x00000005c2695120,0x00000006f3200000)
 Metaspace       used 3021K, capacity 4568K, committed 4864K, reserved 1056768K
  class space    used 325K, capacity 392K, committed 512K, reserved 1048576K
GC Heap History (10 events):
Event: 2192,918 GC heap before
{Heap before GC invocations=289 (full 67):
 PSYoungGen      total 2233344K, used 0K [0x0000000715580000, 0x000000079db00000, 0x00000007c0000000)
  eden space 2232832K, 0% used [0x0000000715580000,0x0000000715580000,0x000000079da00000)
  from space 512K, 0% used [0x000000079da80000,0x000000079da80000,0x000000079db00000)
  to   space 512K, 0% used [0x000000079da00000,0x000000079da00000,0x000000079da80000)
 ParOldGen       total 5031936K, used 6320K [0x00000005c0000000, 0x00000006f3200000, 0x0000000715580000)
  object space 5031936K, 0% used [0x00000005c0000000,0x00000005c062c050,0x00000006f3200000)
 Metaspace       used 3016K, capacity 4574K, committed 4864K, reserved 1056768K
  class space    used 325K, capacity 393K, committed 512K, reserved 1048576K
Event: 2192,926 GC heap after
Heap after GC invocations=289 (full 67):
 PSYoungGen      total 2233344K, used 0K [0x0000000715580000, 0x000000079db00000, 0x00000007c0000000)
  eden space 2232832K, 0% used [0x0000000715580000,0x0000000715580000,0x000000079da00000)
  from space 512K, 0% used [0x000000079da80000,0x000000079da80000,0x000000079db00000)
  to   space 512K, 0% used [0x000000079da00000,0x000000079da00000,0x000000079da80000)
 ParOldGen       total 5031936K, used 4366K [0x00000005c0000000, 0x00000006f3200000, 0x0000000715580000)
  object space 5031936K, 0% used [0x00000005c0000000,0x00000005c0443bc0,0x00000006f3200000)
 Metaspace       used 3016K, capacity 4574K, committed 4864K, reserved 1056768K
  class space    used 325K, capacity 393K, committed 512K, reserved 1048576K
}
Event: 7309,471 GC heap before
{Heap before GC invocations=290 (full 67):
 PSYoungGen      total 2233344K, used 108844K [0x0000000715580000, 0x000000079db00000, 0x00000007c0000000)
  eden space 2232832K, 4% used [0x0000000715580000,0x000000071bfcb1d8,0x000000079da00000)
  from space 512K, 0% used [0x000000079da80000,0x000000079da80000,0x000000079db00000)
  to   space 512K, 0% used [0x000000079da00000,0x000000079da00000,0x000000079da80000)
 ParOldGen       total 5031936K, used 4366K [0x00000005c0000000, 0x00000006f3200000, 0x0000000715580000)
  object space 5031936K, 0% used [0x00000005c0000000,0x00000005c0443bc0,0x00000006f3200000)
 Metaspace       used 3017K, capacity 4574K, committed 4864K, reserved 1056768K
  class space    used 325K, capacity 393K, committed 512K, reserved 1048576K
Event: 7309,475 GC heap after
Heap after GC invocations=290 (full 67):
 PSYoungGen      total 2233344K, used 32K [0x0000000715580000, 0x000000079db00000, 0x00000007c0000000)
  eden space 2232832K, 0% used [0x0000000715580000,0x0000000715580000,0x000000079da00000)
  from space 512K, 6% used [0x000000079da00000,0x000000079da08000,0x000000079da80000)
  to   space 512K, 0% used [0x000000079da80000,0x000000079da80000,0x000000079db00000)
 ParOldGen       total 5031936K, used 23906K [0x00000005c0000000, 0x00000006f3200000, 0x0000000715580000)
  object space 5031936K, 0% used [0x00000005c0000000,0x00000005c17588d0,0x00000006f3200000)
 Metaspace       used 3017K, capacity 4574K, committed 4864K, reserved 1056768K
  class space    used 325K, capacity 393K, committed 512K, reserved 1048576K
}
Event: 7309,476 GC heap before
{Heap before GC invocations=291 (full 68):
 PSYoungGen      total 2233344K, used 32K [0x0000000715580000, 0x000000079db00000, 0x00000007c0000000)
  eden space 2232832K, 0% used [0x0000000715580000,0x0000000715580000,0x000000079da00000)
  from space 512K, 6% used [0x000000079da00000,0x000000079da08000,0x000000079da80000)
  to   space 512K, 0% used [0x000000079da80000,0x000000079da80000,0x000000079db00000)
 ParOldGen       total 5031936K, used 23906K [0x00000005c0000000, 0x00000006f3200000, 0x0000000715580000)
  object space 5031936K, 0% used [0x00000005c0000000,0x00000005c17588d0,0x00000006f3200000)
 Metaspace       used 3017K, capacity 4574K, committed 4864K, reserved 1056768K
  class space    used 325K, capacity 393K, committed 512K, reserved 1048576K
Event: 7309,488 GC heap after
Heap after GC invocations=291 (full 68):
 PSYoungGen      total 2233344K, used 0K [0x0000000715580000, 0x000000079db00000, 0x00000007c0000000)
  eden space 2232832K, 0% used [0x0000000715580000,0x0000000715580000,0x000000079da00000)
  from space 512K, 0% used [0x000000079da00000,0x000000079da00000,0x000000079da80000)
  to   space 512K, 0% used [0x000000079da80000,0x000000079da80000,0x000000079db00000)
 ParOldGen       total 5031936K, used 19992K [0x00000005c0000000, 0x00000006f3200000, 0x0000000715580000)
  object space 5031936K, 0% used [0x00000005c0000000,0x00000005c1386008,0x00000006f3200000)
 Metaspace       used 3017K, capacity 4574K, committed 4864K, reserved 1056768K
  class space    used 325K, capacity 393K, committed 512K, reserved 1048576K
}
Event: 28530,743 GC heap before
{Heap before GC invocations=292 (full 68):
 PSYoungGen      total 2233344K, used 83719K [0x0000000715580000, 0x000000079db00000, 0x00000007c0000000)
  eden space 2232832K, 3% used [0x0000000715580000,0x000000071a741c80,0x000000079da00000)
  from space 512K, 0% used [0x000000079da00000,0x000000079da00000,0x000000079da80000)
  to   space 512K, 0% used [0x000000079da80000,0x000000079da80000,0x000000079db00000)
 ParOldGen       total 5031936K, used 19992K [0x00000005c0000000, 0x00000006f3200000, 0x0000000715580000)
  object space 5031936K, 0% used [0x00000005c0000000,0x00000005c1386008,0x00000006f3200000)
 Metaspace       used 3017K, capacity 4574K, committed 4864K, reserved 1056768K
  class space    used 325K, capacity 393K, committed 512K, reserved 1048576K
Event: 28530,752 GC heap after
Heap after GC invocations=292 (full 68):
 PSYoungGen      total 2233344K, used 0K [0x0000000715580000, 0x000000079db00000, 0x00000007c0000000)
  eden space 2232832K, 0% used [0x0000000715580000,0x0000000715580000,0x000000079da00000)
  from space 512K, 0% used [0x000000079da80000,0x000000079da80000,0x000000079db00000)
  to   space 512K, 0% used [0x000000079da00000,0x000000079da00000,0x000000079da80000)
 ParOldGen       total 5031936K, used 59054K [0x00000005c0000000, 0x00000006f3200000, 0x0000000715580000)
  object space 5031936K, 1% used [0x00000005c0000000,0x00000005c39aba18,0x00000006f3200000)
 Metaspace       used 3017K, capacity 4574K, committed 4864K, reserved 1056768K
  class space    used 325K, capacity 393K, committed 512K, reserved 1048576K
}
Event: 28530,753 GC heap before
{Heap before GC invocations=293 (full 69):
 PSYoungGen      total 2233344K, used 0K [0x0000000715580000, 0x000000079db00000, 0x00000007c0000000)
  eden space 2232832K, 0% used [0x0000000715580000,0x0000000715580000,0x000000079da00000)
  from space 512K, 0% used [0x000000079da80000,0x000000079da80000,0x000000079db00000)
  to   space 512K, 0% used [0x000000079da00000,0x000000079da00000,0x000000079da80000)
 ParOldGen       total 5031936K, used 59054K [0x00000005c0000000, 0x00000006f3200000, 0x0000000715580000)
  object space 5031936K, 1% used [0x00000005c0000000,0x00000005c39aba18,0x00000006f3200000)
 Metaspace       used 3017K, capacity 4574K, committed 4864K, reserved 1056768K
  class space    used 325K, capacity 393K, committed 512K, reserved 1048576K
Event: 28530,822 GC heap after
Heap after GC invocations=293 (full 69):
 PSYoungGen      total 2233344K, used 0K [0x0000000715580000, 0x000000079db00000, 0x00000007c0000000)
  eden space 2232832K, 0% used [0x0000000715580000,0x0000000715580000,0x000000079da00000)
  from space 512K, 0% used [0x000000079da80000,0x000000079da80000,0x000000079db00000)
  to   space 512K, 0% used [0x000000079da00000,0x000000079da00000,0x000000079da80000)
 ParOldGen       total 5031936K, used 39508K [0x00000005c0000000, 0x00000006f3200000, 0x0000000715580000)
  object space 5031936K, 0% used [0x00000005c0000000,0x00000005c2695120,0x00000006f3200000)
 Metaspace       used 3013K, capacity 4568K, committed 4864K, reserved 1056768K
  class space    used 324K, capacity 392K, committed 512K, reserved 1048576K
}

